<?xml version="1.0" encoding="UTF-8" ?>
<testsuite errors="0" failures="0" hostname="INFAR50600" name="com.test.cucumber.AddTwoNumbers" tests="16" time="0.15" timestamp="2016-08-26T05:47:37">
  <properties>
    <property name="java.vendor" value="Oracle Corporation" />
    <property name="sun.java.launcher" value="SUN_STANDARD" />
    <property name="eclipse.pdebuild.templates" value="/C:/Users/10637028/Documents/eclipse/plugins/org.eclipse.pde.build_3.8.2.v20121114-140810/templates/" />
    <property name="sun.management.compiler" value="HotSpot Client Compiler" />
    <property name="env.PROMPT" value="$P$G" />
    <property name="os.name" value="Windows 7" />
    <property name="env.FP_NO_HOST_CHECK" value="NO" />
    <property name="sun.boot.class.path" value="C:\Program Files\Java\jre1.8.0_92\lib\resources.jar;C:\Program Files\Java\jre1.8.0_92\lib\rt.jar;C:\Program Files\Java\jre1.8.0_92\lib\sunrsasign.jar;C:\Program Files\Java\jre1.8.0_92\lib\jsse.jar;C:\Program Files\Java\jre1.8.0_92\lib\jce.jar;C:\Program Files\Java\jre1.8.0_92\lib\charsets.jar;C:\Program Files\Java\jre1.8.0_92\lib\jfr.jar;C:\Program Files\Java\jre1.8.0_92\classes" />
    <property name="env.COMPUTERNAME" value="INFAR50600" />
    <property name="env.ALLUSERSPROFILE" value="C:\ProgramData" />
    <property name="sun.desktop" value="windows" />
    <property name="java.vm.specification.vendor" value="Oracle Corporation" />
    <property name="ant.home" value="C:\Users\10637028\Documents\eclipse\plugins\org.apache.ant_1.8.3.v201301120609" />
    <property name="java.runtime.version" value="1.8.0_92-b14" />
    <property name="env.HOMEPATH" value="\Users\10637028" />
    <property name="user.name" value="10637028" />
    <property name="user.language" value="en" />
    <property name="env.windows_tracing_flags" value="3" />
    <property name="sun.boot.library.path" value="C:\Program Files\Java\jre1.8.0_92\bin" />
    <property name="ant.project.default-target" value="AddTwoNumbers" />
    <property name="ant.project.name" value="CucumberExp" />
    <property name="java.version" value="1.8.0_92" />
    <property name="env.PROCESSOR_IDENTIFIER" value="x86 Family 6 Model 58 Stepping 9, GenuineIntel" />
    <property name="user.timezone" value="" />
    <property name="env.TEMP" value="C:\Users\10637028\AppData\Local\Temp" />
    <property name="sun.arch.data.model" value="32" />
    <property name="java.endorsed.dirs" value="C:\Program Files\Java\jre1.8.0_92\lib\endorsed" />
    <property name="sun.cpu.isalist" value="pentium_pro+mmx pentium_pro pentium+mmx pentium i486 i386 i86" />
    <property name="env.HOMEDRIVE" value="C:" />
    <property name="sun.jnu.encoding" value="Cp1252" />
    <property name="file.encoding.pkg" value="sun.io" />
    <property name="ECLIPSE_HOME" value="C:/Users/10637028/Documents/eclipse" />
    <property name="file.separator" value="\" />
    <property name="java.specification.name" value="Java Platform API Specification" />
    <property name="java.class.version" value="52.0" />
    <property name="user.country" value="US" />
    <property name="java.home" value="C:\Program Files\Java\jre1.8.0_92" />
    <property name="env.PSModulePath" value="C:\Windows\system32\WindowsPowerShell\v1.0\Modules\" />
    <property name="env.APPDATA" value="C:\Users\10637028\AppData\Roaming" />
    <property name="env.PUBLIC" value="C:\Users\Public" />
    <property name="env.windows_tracing_logfile" value="C:\BVTBin\Tests\installpackage\csilogfile.log" />
    <property name="java.vm.info" value="mixed mode, sharing" />
    <property name="env.ComSpec" value="C:\Windows\system32\cmd.exe" />
    <property name="env.OS" value="Windows_NT" />
    <property name="env.CommonProgramFiles" value="C:\Program Files\Common Files" />
    <property name="ant.file" value="D:\NiteshWorkspace\CucumberSauce\build.xml" />
    <property name="os.version" value="6.1" />
    <property name="ant.file.CucumberExp" value="D:\NiteshWorkspace\CucumberSauce\build.xml" />
    <property name="path.separator" value=";" />
    <property name="java.vm.version" value="25.92-b14" />
    <property name="env.USERPROFILE" value="C:\Users\10637028" />
    <property name="user.variant" value="" />
    <property name="ant.library.dir" value="C:\Users\10637028\Documents\eclipse\plugins\org.apache.ant_1.8.3.v201301120609\lib" />
    <property name="junit.output.dir" value="junit" />
    <property name="env.JAVA_HOME" value="C:\Program Files\Java\jre1.8.0_92" />
    <property name="java.awt.printerjob" value="sun.awt.windows.WPrinterJob" />
    <property name="env.TMP" value="C:\Users\10637028\AppData\Local\Temp" />
    <property name="sun.io.unicode.encoding" value="UnicodeLittle" />
    <property name="awt.toolkit" value="sun.awt.windows.WToolkit" />
    <property name="user.script" value="" />
    <property name="ant.file.type.CucumberExp" value="file" />
    <property name="eclipse.pdebuild.scripts" value="/C:/Users/10637028/Documents/eclipse/plugins/org.eclipse.pde.build_3.8.2.v20121114-140810/scripts/" />
    <property name="user.home" value="C:\Users\10637028" />
    <property name="target" value="1.7" />
    <property name="env.ProgramData" value="C:\ProgramData" />
    <property name="env.SESSIONNAME" value="Console" />
    <property name="java.specification.vendor" value="Oracle Corporation" />
    <property name="env.M2_HOME" value="C:\Users\10637028\Documents\SW\Maven\apache-maven-3.3.9;" />
    <property name="env.NUMBER_OF_PROCESSORS" value="4" />
    <property name="java.library.path" value="C:\Program Files\Java\jre1.8.0_92\bin;C:\Windows\Sun\Java\bin;C:\Windows\system32;C:\Windows;C:/Program Files/Java/jre1.8.0_92/bin/client;C:/Program Files/Java/jre1.8.0_92/bin;C:/Program Files/Java/jre1.8.0_92/lib/i386;C:\ProgramData\Oracle\Java\javapath;C:\Program Files\Intel\iCLS Client\;C:\Windows\system32;C:\Windows;C:\Windows\System32\Wbem;C:\Windows\System32\WindowsPowerShell\v1.0\;C:\Program Files\Intel\Intel(R) Management Engine Components\DAL;C:\Program Files\Intel\Intel(R) Management Engine Components\IPT;C:\Program Files\TortoiseSVN\bin;C:\Program Files\Java\jre1.8.0_92\bin;;C:\Users\10637028\Documents\eclipse;;." />
    <property name="java.vendor.url" value="http://java.oracle.com/" />
    <property name="env.USERDNSDOMAIN" value="NMUMARL.LNTINFOTECH.COM" />
    <property name="java.vm.vendor" value="Oracle Corporation" />
    <property name="java.runtime.name" value="Java(TM) SE Runtime Environment" />
    <property name="ant.version" value="Apache Ant(TM) version 1.8.3 compiled on February 26 2012" />
    <property name="sun.java.command" value="org.apache.tools.ant.taskdefs.optional.junit.JUnitTestRunner com.test.cucumber.AddTwoNumbers filtertrace=true haltOnError=false haltOnFailure=false formatter=org.apache.tools.ant.taskdefs.optional.junit.OutErrSummaryJUnitResultFormatter showoutput=false outputtoformatters=true logfailedtests=true logtestlistenerevents=false formatter=org.apache.tools.ant.taskdefs.optional.junit.XMLJUnitResultFormatter,D:\NiteshWorkspace\CucumberSauce\junit\TEST-com.test.cucumber.AddTwoNumbers.xml crashfile=D:\NiteshWorkspace\CucumberSauce\junitvmwatcher1945678929961449029.properties propsfile=D:\NiteshWorkspace\CucumberSauce\junit1480599189175041332.properties" />
    <property name="java.class.path" value="D:\NiteshWorkspace\CucumberSauce\bin;D:\NiteshWorkspace\CucumberSauce\Library\cucumber-core-1.2.4.jar;D:\NiteshWorkspace\CucumberSauce\Library\cucumber-html-0.2.3.jar;D:\NiteshWorkspace\CucumberSauce\Library\cucumber-java-1.2.4.jar;D:\NiteshWorkspace\CucumberSauce\Library\cucumber-junit-1.2.4.jar;D:\NiteshWorkspace\CucumberSauce\Library\cucumber-jvm-deps-1.0.5.jar;D:\NiteshWorkspace\CucumberSauce\Library\gherkin-2.12.2.jar;D:\NiteshWorkspace\CucumberSauce\Library\gherkin-jvm-deps-1.0.3.jar;D:\NiteshWorkspace\CucumberSauce\Library\hamcrest-core-1.3.jar;D:\NiteshWorkspace\CucumberSauce\Library\hamcrest-junit-2.0.0.0.jar;D:\NiteshWorkspace\CucumberSauce\Library\junit-4.12.jar;C:\Users\10637028\Documents\eclipse\plugins\org.apache.ant_1.8.3.v201301120609\lib\ant-launcher.jar;C:\Users\10637028\Documents\eclipse\plugins\org.apache.ant_1.8.3.v201301120609\lib\ant.jar;C:\Users\10637028\Documents\eclipse\plugins\org.apache.ant_1.8.3.v201301120609\lib\ant-junit.jar;C:\Users\10637028\Documents\eclipse\plugins\org.apache.ant_1.8.3.v201301120609\lib\ant-junit4.jar" />
    <property name="java.vm.specification.name" value="Java Virtual Machine Specification" />
    <property name="env.windir" value="C:\Windows" />
    <property name="env.LOGONSERVER" value="\\AIRNMSAD04" />
    <property name="java.vm.specification.version" value="1.8" />
    <property name="env.PROCESSOR_ARCHITECTURE" value="x86" />
    <property name="sun.cpu.endian" value="little" />
    <property name="sun.os.patch.level" value="Service Pack 1" />
    <property name="debuglevel" value="source,lines,vars" />
    <property name="env.ANT_HOME" value="C:\Users\10637028\Documents\eclipse\plugins\org.apache.ant_1.8.3.v201301120609" />
    <property name="env.ProgramFiles" value="C:\Program Files" />
    <property name="java.io.tmpdir" value="C:\Users\10637028\AppData\Local\Temp\" />
    <property name="eclipse.pdebuild.home" value="/C:/Users/10637028/Documents/eclipse/plugins/org.eclipse.pde.build_3.8.2.v20121114-140810/./" />
    <property name="env.PROCESSOR_REVISION" value="3a09" />
    <property name="java.vendor.url.bug" value="http://bugreport.sun.com/bugreport/" />
    <property name="env.SystemRoot" value="C:\Windows" />
    <property name="os.arch" value="x86" />
    <property name="java.awt.graphicsenv" value="sun.awt.Win32GraphicsEnvironment" />
    <property name="java.ext.dirs" value="C:\Program Files\Java\jre1.8.0_92\lib\ext;C:\Windows\Sun\Java\lib\ext" />
    <property name="user.dir" value="D:\NiteshWorkspace\CucumberSauce" />
    <property name="env.LOCALAPPDATA" value="C:\Users\10637028\AppData\Local" />
    <property name="line.separator" value="&#xd;&#xa;" />
    <property name="java.vm.name" value="Java HotSpot(TM) Client VM" />
    <property name="env.PATHEXT" value=".COM;.EXE;.BAT;.CMD;.VBS;.VBE;.JS;.JSE;.WSF;.WSH;.MSC" />
    <property name="env.Path" value="C:/Program Files/Java/jre1.8.0_92/bin/client;C:/Program Files/Java/jre1.8.0_92/bin;C:/Program Files/Java/jre1.8.0_92/lib/i386;C:\ProgramData\Oracle\Java\javapath;C:\Program Files\Intel\iCLS Client\;C:\Windows\system32;C:\Windows;C:\Windows\System32\Wbem;C:\Windows\System32\WindowsPowerShell\v1.0\;C:\Program Files\Intel\Intel(R) Management Engine Components\DAL;C:\Program Files\Intel\Intel(R) Management Engine Components\IPT;C:\Program Files\TortoiseSVN\bin;C:\Program Files\Java\jre1.8.0_92\bin;;C:\Users\10637028\Documents\eclipse;" />
    <property name="basedir" value="D:\NiteshWorkspace\CucumberSauce" />
    <property name="ant.java.version" value="1.8" />
    <property name="ant.core.lib" value="C:\Users\10637028\Documents\eclipse\plugins\org.apache.ant_1.8.3.v201301120609\lib\ant.jar" />
    <property name="env.USERNAME" value="10637028" />
    <property name="source" value="1.7" />
    <property name="env.SystemDrive" value="C:" />
    <property name="file.encoding" value="Cp1252" />
    <property name="env.USERDOMAIN" value="NMUMARL" />
    <property name="java.specification.version" value="1.8" />
    <property name="ant.project.invoked-targets" value="AddTwoNumbers" />
    <property name="env.PROCESSOR_LEVEL" value="6" />
  </properties>
  <testcase classname="Scenario: Add two numbers" name="Given I have entered first number" time="0.0" />
  <testcase classname="Scenario: Add two numbers" name="And I have enetered second number" time="0.0" />
  <testcase classname="Scenario: Add two numbers" name="When I press add button" time="0.0" />
  <testcase classname="Scenario: Add two numbers" name="Then Sum of two numbers should be shown" time="0.0" />
  <testcase classname="junit.framework.TestSuite" name="Scenario: Add two numbers" time="0.0" />
  <testcase classname="Scenario: Sustration of two numbers" name="Given I have entered first number" time="0.0" />
  <testcase classname="Scenario: Sustration of two numbers" name="And I have enetered second number" time="0.0" />
  <testcase classname="Scenario: Sustration of two numbers" name="When I press substract button" time="0.0" />
  <testcase classname="Scenario: Sustration of two numbers" name="Then Substraction of two numbers should be shown" time="0.0" />
  <testcase classname="junit.framework.TestSuite" name="Scenario: Sustration of two numbers" time="0.0" />
  <system-out><![CDATA[First Number = 25
Second Number = 5
Pressed ADD button
Sum of two numbers is = 30
First Number = 25
Second Number = 5
Pressed ADD button
Sum of two numbers is = 30

2 Scenarios ([32m2 passed[0m)
8 Steps ([32m8 passed[0m)
0m0.078s

]]></system-out>
  <system-err><![CDATA[]]></system-err>
</testsuite>
